[2024-03-16 10:39:41,504] {taskinstance.py:826} INFO - Dependencies all met for <TaskInstance: download_rocket_launches.download_launches 2024-03-16T10:39:39.836129+00:00 [queued]>
[2024-03-16 10:39:41,538] {taskinstance.py:826} INFO - Dependencies all met for <TaskInstance: download_rocket_launches.download_launches 2024-03-16T10:39:39.836129+00:00 [queued]>
[2024-03-16 10:39:41,538] {taskinstance.py:1017} INFO - 
--------------------------------------------------------------------------------
[2024-03-16 10:39:41,538] {taskinstance.py:1018} INFO - Starting attempt 1 of 1
[2024-03-16 10:39:41,538] {taskinstance.py:1019} INFO - 
--------------------------------------------------------------------------------
[2024-03-16 10:39:41,556] {taskinstance.py:1038} INFO - Executing <Task(BashOperator): download_launches> on 2024-03-16T10:39:39.836129+00:00
[2024-03-16 10:39:41,558] {standard_task_runner.py:51} INFO - Started process 118175 to run task
[2024-03-16 10:39:41,566] {standard_task_runner.py:75} INFO - Running: ['airflow', 'tasks', 'run', 'download_rocket_launches', 'download_launches', '2024-03-16T10:39:39.836129+00:00', '--job-id', '16', '--pool', 'default_pool', '--raw', '--subdir', 'DAGS_FOLDER/download_rocket_launches.py', '--cfg-path', '/tmp/tmp7lsz5yj6']
[2024-03-16 10:39:41,566] {standard_task_runner.py:76} INFO - Job 16: Subtask download_launches
[2024-03-16 10:39:41,662] {logging_mixin.py:103} INFO - Running <TaskInstance: download_rocket_launches.download_launches 2024-03-16T10:39:39.836129+00:00 [running]> on host 2388b6431499
[2024-03-16 10:39:41,727] {taskinstance.py:1230} INFO - Exporting the following env vars:
AIRFLOW_CTX_DAG_OWNER=airflow
AIRFLOW_CTX_DAG_ID=download_rocket_launches
AIRFLOW_CTX_TASK_ID=download_launches
AIRFLOW_CTX_EXECUTION_DATE=2024-03-16T10:39:39.836129+00:00
AIRFLOW_CTX_DAG_RUN_ID=manual__2024-03-16T10:39:39.836129+00:00
[2024-03-16 10:39:41,727] {bash.py:135} INFO - Tmp dir root location: 
 /tmp
[2024-03-16 10:39:41,728] {bash.py:158} INFO - Running command: curl -o /tmp/launches.json -L 'https://ll.thespacedevs.com/2.0.0/launch/upcoming'
[2024-03-16 10:39:41,737] {bash.py:169} INFO - Output:
[2024-03-16 10:39:41,743] {bash.py:173} INFO -   % Total    % Received % Xferd  Average Speed   Time    Time     Time  Current
[2024-03-16 10:39:41,744] {bash.py:173} INFO -                                  Dload  Upload   Total   Spent    Left  Speed
[2024-03-16 10:39:42,302] {bash.py:173} INFO -   0     0    0     0    0     0      0      0 --:--:-- --:--:-- --:--:--     0  0     0    0     0    0     0      0      0 --:--:-- --:--:-- --:--:--     0  0     0    0     0    0     0      0      0 --:--:-- --:--:-- --:--:--     0
[2024-03-16 10:39:42,582] {bash.py:173} INFO - 100 27139  100 27139    0     0  32424      0 --:--:-- --:--:-- --:--:-- 32424
[2024-03-16 10:39:42,583] {bash.py:177} INFO - Command exited with return code 0
[2024-03-16 10:39:42,619] {taskinstance.py:1135} INFO - Marking task as SUCCESS. dag_id=download_rocket_launches, task_id=download_launches, execution_date=20240316T103939, start_date=20240316T103941, end_date=20240316T103942
[2024-03-16 10:39:42,675] {taskinstance.py:1195} INFO - 1 downstream tasks scheduled from follow-on schedule check
[2024-03-16 10:39:42,726] {local_task_job.py:118} INFO - Task exited with return code 0
