[2024-03-16 10:40:00,551] {taskinstance.py:826} INFO - Dependencies all met for <TaskInstance: download_rocket_launches.notify 2024-03-16T10:39:39.836129+00:00 [queued]>
[2024-03-16 10:40:00,621] {taskinstance.py:826} INFO - Dependencies all met for <TaskInstance: download_rocket_launches.notify 2024-03-16T10:39:39.836129+00:00 [queued]>
[2024-03-16 10:40:00,622] {taskinstance.py:1017} INFO - 
--------------------------------------------------------------------------------
[2024-03-16 10:40:00,622] {taskinstance.py:1018} INFO - Starting attempt 1 of 1
[2024-03-16 10:40:00,622] {taskinstance.py:1019} INFO - 
--------------------------------------------------------------------------------
[2024-03-16 10:40:00,656] {taskinstance.py:1038} INFO - Executing <Task(BashOperator): notify> on 2024-03-16T10:39:39.836129+00:00
[2024-03-16 10:40:00,668] {standard_task_runner.py:51} INFO - Started process 119834 to run task
[2024-03-16 10:40:00,680] {standard_task_runner.py:75} INFO - Running: ['airflow', 'tasks', 'run', 'download_rocket_launches', 'notify', '2024-03-16T10:39:39.836129+00:00', '--job-id', '18', '--pool', 'default_pool', '--raw', '--subdir', 'DAGS_FOLDER/download_rocket_launches.py', '--cfg-path', '/tmp/tmpyh81v78q']
[2024-03-16 10:40:00,683] {standard_task_runner.py:76} INFO - Job 18: Subtask notify
[2024-03-16 10:40:00,757] {logging_mixin.py:103} INFO - Running <TaskInstance: download_rocket_launches.notify 2024-03-16T10:39:39.836129+00:00 [running]> on host 2388b6431499
[2024-03-16 10:40:00,874] {taskinstance.py:1230} INFO - Exporting the following env vars:
AIRFLOW_CTX_DAG_OWNER=airflow
AIRFLOW_CTX_DAG_ID=download_rocket_launches
AIRFLOW_CTX_TASK_ID=notify
AIRFLOW_CTX_EXECUTION_DATE=2024-03-16T10:39:39.836129+00:00
AIRFLOW_CTX_DAG_RUN_ID=manual__2024-03-16T10:39:39.836129+00:00
[2024-03-16 10:40:00,874] {bash.py:135} INFO - Tmp dir root location: 
 /tmp
[2024-03-16 10:40:00,875] {bash.py:158} INFO - Running command: echo "There are now $(ls /tmp/images/ | wc -l) images."
[2024-03-16 10:40:00,895] {bash.py:169} INFO - Output:
[2024-03-16 10:40:00,944] {bash.py:173} INFO - There are now 8 images.
[2024-03-16 10:40:00,945] {bash.py:177} INFO - Command exited with return code 0
[2024-03-16 10:40:01,008] {taskinstance.py:1135} INFO - Marking task as SUCCESS. dag_id=download_rocket_launches, task_id=notify, execution_date=20240316T103939, start_date=20240316T104000, end_date=20240316T104001
[2024-03-16 10:40:01,071] {taskinstance.py:1195} INFO - 0 downstream tasks scheduled from follow-on schedule check
[2024-03-16 10:40:01,101] {local_task_job.py:118} INFO - Task exited with return code 0
